2019-07-02 10:16:46,293 - test.LoginPageTest -INFO - Enter email
2019-07-02 10:28:02,746 - framework.WebDriverManager -INFO - Launcing Browser
2019-07-02 10:28:13,560 - test.LoginPageTest -INFO - Enter email
2019-07-02 10:28:13,986 - test.LoginPageTest -INFO - Enter Password
2019-07-02 10:30:08,074 - framework.WebDriverManager -INFO - Launcing Browser
2019-07-02 10:30:18,859 - test.LoginPageTest -INFO - Enter email
2019-07-02 10:30:19,223 - test.LoginPageTest -INFO - Enter Password
2019-07-02 10:32:19,839 - framework.WebDriverManager -INFO - Launcing Browser
2019-07-02 10:32:30,734 - test.LoginPageTest -INFO - Enter email
2019-07-02 10:32:31,192 - test.LoginPageTest -INFO - Enter Password
2019-07-02 10:32:34,299 - test.LoginPageTest -INFO - verifyLofinTest Passed
2019-07-03 21:43:37,281 - framework.WebDriverManager -INFO - Launching Browser
2019-07-03 21:43:48,072 - test.LoginPageTest -INFO - Enter email
2019-07-03 21:43:48,458 - test.LoginPageTest -INFO - Enter Password
2019-07-03 21:43:51,281 - test.LoginPageTest -INFO - verifyLofinTest Passed
2019-07-03 21:45:29,309 - framework.WebDriverManager -INFO - Launching Browser
2019-07-03 21:45:39,898 - test.LoginPageTest -INFO - Enter email
2019-07-03 21:45:40,241 - test.LoginPageTest -INFO - Enter Password
2019-07-03 21:45:42,974 - test.LoginPageTest -INFO - verifyLofinTest Passed
2019-07-03 21:51:07,137 - framework.WebDriverManager -INFO - Launching Browser
2019-07-03 21:51:17,627 - test.LoginPageTest -INFO - Enter email
2019-07-03 21:51:18,012 - test.LoginPageTest -INFO - Enter Password
2019-07-03 21:51:21,062 - test.LoginPageTest -INFO - verifyLofinTest Passed
2019-07-03 21:51:21,858 - framework.WebDriverManager -INFO - Launching Browser
2019-07-03 21:51:31,437 - test.LoginPageTest -INFO - Enter email
2019-07-03 21:51:31,788 - test.LoginPageTest -INFO - Enter Password
2019-07-03 22:04:07,725 - framework.WebDriverManager -INFO - Launching Browser
2019-07-03 22:04:18,340 - test.LoginPageTest -INFO - Enter email
2019-07-03 22:04:18,683 - test.LoginPageTest -INFO - Enter Password
2019-07-03 22:04:21,428 - test.LoginPageTest -INFO - verifyLofinTest Passed
2019-07-03 22:04:22,245 - framework.WebDriverManager -INFO - Launching Browser
2019-07-03 22:06:13,062 - framework.WebDriverManager -INFO - Launching Browser
2019-07-03 22:06:23,568 - test.LoginPageTest -INFO - Enter email
2019-07-03 22:06:24,808 - framework.WebDriverManager -INFO - Launching Browser
2019-07-03 22:06:34,408 - test.LoginPageTest -INFO - Enter email
2019-07-03 22:06:34,668 - test.LoginPageTest -INFO - Enter Password
2019-07-03 22:29:39,912 - framework.WebDriverManager -INFO - Launching Browser
2019-07-03 22:29:50,526 - test.LoginPageTest -INFO - Enter email
2019-07-03 22:29:50,886 - test.LoginPageTest -INFO - Enter Password
2019-07-03 22:29:53,652 - test.LoginPageTest -INFO - verifyLoginTest Passed
2019-07-03 22:38:27,340 - framework.WebDriverManager -INFO - Launching Browser
2019-07-03 22:38:38,093 - test.LoginPageTest -INFO - Enter email
2019-07-03 22:38:38,417 - test.LoginPageTest -INFO - Enter Password
2019-07-03 22:38:41,218 - test.LoginPageTest -INFO - verifyLoginTest Passed
2019-07-03 22:43:35,662 - framework.WebDriverManager -INFO - Launching Browser
2019-07-03 22:45:25,876 - framework.WebDriverManager -INFO - Launching Browser
2019-07-06 12:11:06,175 - framework.WebDriverManager -INFO - Launching Browser
2019-07-06 12:11:23,696 - framework.WebDriverManager -INFO - Launching Browser
2019-07-06 12:11:37,590 - framework.WebDriverManager -INFO - Launching Browser
2019-07-06 12:11:51,795 - framework.WebDriverManager -INFO - Launching Browser
2019-07-06 12:12:05,044 - framework.WebDriverManager -INFO - Launching Browser
2019-07-06 12:13:20,073 - framework.WebDriverManager -INFO - Launching Browser
2019-07-06 12:13:36,378 - framework.WebDriverManager -INFO - Launching Browser
2019-07-06 12:13:45,947 - test.LoginPageTest -INFO - Enter email
2019-07-06 12:13:46,286 - test.LoginPageTest -INFO - Enter Password
2019-07-06 12:13:48,810 - test.LoginPageTest -INFO - verifyLoginTest Passed
2019-07-09 12:44:35,341 - framework.WebDriverManager -INFO - Launching Browser
2019-07-09 12:53:18,279 - framework.WebDriverManager -INFO - Launching Browser
2019-07-09 12:53:43,806 - framework.WebDriverManager -INFO - Launching Browser
2019-07-09 12:54:16,755 - framework.WebDriverManager -INFO - Launching Browser
2019-07-09 12:56:03,277 - framework.WebDriverManager -INFO - Launching Browser
2019-07-09 12:56:13,563 - test.LoginPageTest -INFO - Enter email
2019-07-09 12:56:13,838 - test.LoginPageTest -INFO - Enter Password
2019-07-09 12:56:16,340 - test.LoginPageTest -INFO - verifyLoginTest Passed
2019-07-14 11:04:17,142 - framework.WebDriverManager -INFO - Launching Browser
2019-07-14 11:04:35,833 - framework.WebDriverManager -INFO - Launching Browser
2019-07-14 11:04:50,577 - framework.WebDriverManager -INFO - Launching Browser
2019-07-14 11:05:05,319 - framework.WebDriverManager -INFO - Launching Browser
2019-07-14 11:05:19,469 - framework.WebDriverManager -INFO - Launching Browser
2019-07-14 11:05:29,175 - test.LoginPageTest -INFO - Enter email
2019-07-14 11:05:29,521 - test.LoginPageTest -INFO - Enter Password
2019-07-14 11:05:32,434 - test.LoginPageTest -INFO - verifyLoginTest Passed
2019-07-14 11:08:33,984 - framework.WebDriverManager -INFO - Launching Browser
2019-07-14 11:08:45,672 - test.LoginPageTest -INFO - Enter email
2019-07-14 11:08:46,042 - test.LoginPageTest -INFO - Enter Password
2019-07-14 11:08:48,925 - test.LoginPageTest -INFO - verifyLoginTest Passed
2019-07-14 11:09:51,261 - framework.WebDriverManager -INFO - Launching Browser
2019-07-14 11:10:01,701 - test.LoginPageTest -INFO - Enter email
2019-07-14 11:10:02,043 - test.LoginPageTest -INFO - Enter Password
2019-07-14 11:10:04,817 - test.LoginPageTest -INFO - verifyLoginTest Passed
2019-07-14 11:15:07,622 - framework.WebDriverManager -INFO - Launching Browser
2019-07-14 11:15:18,305 - test.LoginPageTest -INFO - Enter email
2019-07-14 11:15:18,688 - test.LoginPageTest -INFO - Enter Password
2019-07-14 11:15:21,176 - test.LoginPageTest -INFO - verifyLoginTest Passed
2019-07-14 11:18:46,612 - framework.WebDriverManager -INFO - Launching Browser
2019-07-14 11:18:57,372 - test.LoginPageTest -INFO - Enter email
2019-07-14 11:18:57,679 - test.LoginPageTest -INFO - Enter Password
2019-07-14 11:19:00,093 - test.LoginPageTest -INFO - verifyLoginTest Passed
2019-07-14 11:20:48,730 - framework.WebDriverManager -INFO - Launching Browser
2019-07-14 11:20:59,322 - test.LoginPageTest -INFO - Enter email
2019-07-14 11:20:59,681 - test.LoginPageTest -INFO - Enter Password
2019-07-14 11:21:02,587 - test.LoginPageTest -INFO - verifyLoginTest Passed
2019-07-14 11:21:03,404 - framework.WebDriverManager -INFO - Launching Browser
2019-07-14 11:21:19,267 - framework.WebDriverManager -INFO - Launching Browser
2019-07-14 11:21:32,324 - framework.WebDriverManager -INFO - Launching Browser
2019-07-14 11:21:46,185 - framework.WebDriverManager -INFO - Launching Browser
2019-07-19 10:32:23,493 - framework.WebDriverManager -INFO - Launching Browser
2019-07-19 10:41:14,848 - framework.WebDriverManager -INFO - Launching Browser
2019-07-19 10:45:33,126 - framework.WebDriverManager -INFO - Launching Browser
2019-07-19 10:47:55,699 - framework.WebDriverManager -INFO - Launching Browser
